<?xml version="1.0" encoding="UTF-8"?>
<testng-results ignored="0" total="1" passed="1" failed="0" skipped="0">
  <reporter-output>
  </reporter-output>
  <suite started-at="2022-04-04T10:42:43 PKT" name="Default suite" finished-at="2022-04-04T10:43:34 PKT" duration-ms="50731">
    <groups>
    </groups>
    <test started-at="2022-04-04T10:42:43 PKT" name="Default test" finished-at="2022-04-04T10:43:34 PKT" duration-ms="50731">
      <class name="bluejayengage.Deleteprovider">
        <test-method is-config="true" signature="openchrome()[pri:0, instance:bluejayengage.Deleteprovider@20ce78ec]" started-at="2022-04-04T10:42:43 PKT" name="openchrome" finished-at="2022-04-04T10:43:06 PKT" duration-ms="22726" status="PASS">
          <reporter-output>
          </reporter-output>
        </test-method> <!-- openchrome -->
        <test-method signature="delpro()[pri:0, instance:bluejayengage.Deleteprovider@20ce78ec]" started-at="2022-04-04T10:43:06 PKT" name="delpro" finished-at="2022-04-04T10:43:29 PKT" duration-ms="22784" status="PASS">
          <reporter-output>
          </reporter-output>
        </test-method> <!-- delpro -->
        <test-method is-config="true" signature="shut()[pri:0, instance:bluejayengage.Deleteprovider@20ce78ec]" started-at="2022-04-04T10:43:29 PKT" name="shut" finished-at="2022-04-04T10:43:34 PKT" duration-ms="5189" status="PASS">
          <reporter-output>
          </reporter-output>
        </test-method> <!-- shut -->
      </class> <!-- bluejayengage.Deleteprovider -->
    </test> <!-- Default test -->
  </suite> <!-- Default suite -->
</testng-results>
