<?xml version="1.0" encoding="UTF-8"?>
<!-- Generated by org.testng.reporters.JUnitXMLReporter -->
<testsuite ignored="0" hostname="DESKTOP-HECRAMR" failures="0" tests="29" name="Test" time="1626.302" errors="0" timestamp="2022-03-02T15:44:16 PKT">
  <testcase classname="bluejayengage.Bulkuploaddashboard" name="bulkupload" time="13.551"/>
  <testcase classname="bluejayengage.Filters_dashboard" name="filters" time="30.018"/>
  <testcase classname="bluejayengage.Loginregistration" name="loginreg" time="47.26"/>
  <testcase classname="bluejayengage.Forgotpassword" name="forgotpass" time="38.448"/>
  <testcase classname="bluejayengage.Setnewgoal" name="addgoal" time="17.493"/>
  <testcase classname="bluejayengage.Reactivateprovider" name="reacpro" time="28.071"/>
  <testcase classname="bluejayengage.Searchprovider" name="searchpro" time="11.258"/>
  <testcase classname="bluejayengage.Addprovider_adminonsitesnf" name="entrdataprovder" time="22.645"/>
  <testcase classname="bluejayengage.Assigntreatment" name="assigntreat" time="49.82"/>
  <testcase classname="bluejayengage.Searchpatient" name="searchpat" time="26.973"/>
  <testcase classname="bluejayengage.Addpatientwithoutcaregiver" name="patientwithoutcare" time="6.671"/>
  <testcase classname="bluejayengage.OV_addpatient" name="addpatov" time="38.592"/>
  <testcase classname="bluejayengage.Addpatmanangesnf" name="addpatsnf" time="20.365"/>
  <testcase classname="bluejayengage.Schedule_ov" name="scheduleov" time="21.602"/>
  <testcase classname="bluejayengage.Addprovider_withoutadminsnf" name="enterproviderdata" time="18.284"/>
  <testcase classname="bluejayengage.AddandAssignSnf" name="addsnf" time="13.224"/>
  <testcase classname="bluejayengage.AddandAssignSnf" name="assignsnf" time="10.064"/>
  <testcase classname="bluejayengage.Edit_provider" name="editprov" time="19.258"/>
  <testcase classname="bluejayengage.Addprovider_withadminrole" name="enterdataprovder" time="18.312"/>
  <testcase classname="bluejayengage.Prescribe_survey" name="setsurvey" time="17.289"/>
  <testcase classname="bluejayengage.Deleteprovider" name="delpro" time="9.962"/>
  <testcase classname="bluejayengage.Schedulevv_outpatient" name="vvoutpat" time="17.886"/>
  <testcase classname="bluejayengage.Addpatientwithcaregiver" name="addpatwithcare" time="7.15"/>
  <testcase classname="bluejayengage.Bulkuploadprovider" name="bulkpro" time="20.64"/>
  <testcase classname="bluejayengage.Schedule_vv" name="vv" time="22.836"/>
  <testcase classname="bluejayengage.Editprofile" name="editprofile" time="27.378"/>
  <testcase classname="bluejayengage.VV_addpatient" name="vvaddpat" time="61.049"/>
  <testcase classname="bluejayengage.Addprovider_onsitesnf" name="enterdataprovidr" time="22.491"/>
  <testcase classname="bluejayengage.Edit_Patient" name="editpat" time="29.703"/>
</testsuite> <!-- Test -->
